<?xml version="1.0" encoding="UTF-8"?>
<testng-results ignored="0" total="1" passed="1" failed="0" skipped="0">
  <reporter-output>
  </reporter-output>
  <suite started-at="2022-02-16T00:42:09 IST" name="Suite" finished-at="2022-02-16T00:42:09 IST" duration-ms="128">
    <groups>
    </groups>
    <test started-at="2022-02-16T00:42:09 IST" name="Test" finished-at="2022-02-16T00:42:09 IST" duration-ms="128">
      <class name="com.test.testng.MyTest">
        <test-method is-config="true" signature="beforeMethod()[pri:0, instance:com.test.testng.MyTest@306cf3ea]" started-at="2022-02-16T00:42:09 IST" name="beforeMethod" finished-at="2022-02-16T00:42:09 IST" duration-ms="10" status="PASS">
          <reporter-output>
          </reporter-output>
        </test-method> <!-- beforeMethod -->
        <test-method signature="f()[pri:0, instance:com.test.testng.MyTest@306cf3ea]" started-at="2022-02-16T00:42:09 IST" name="f" finished-at="2022-02-16T00:42:09 IST" duration-ms="2" status="PASS">
          <reporter-output>
          </reporter-output>
        </test-method> <!-- f -->
        <test-method is-config="true" signature="afterMethod()[pri:0, instance:com.test.testng.MyTest@306cf3ea]" started-at="2022-02-16T00:42:09 IST" name="afterMethod" finished-at="2022-02-16T00:42:09 IST" duration-ms="1" status="PASS">
          <reporter-output>
          </reporter-output>
        </test-method> <!-- afterMethod -->
      </class> <!-- com.test.testng.MyTest -->
    </test> <!-- Test -->
  </suite> <!-- Suite -->
</testng-results>
